\BOOKMARK [1][-]{section.1}{Project\040Introduction}{}% 1
\BOOKMARK [1][-]{section.2}{Project\040Environment}{}% 2
\BOOKMARK [1][-]{section.3}{Project\040Realization}{}% 3
\BOOKMARK [2][-]{subsection.3.1}{Thread\040Functions}{section.3}% 4
\BOOKMARK [2][-]{subsection.3.2}{Create\040Thread}{section.3}% 5
\BOOKMARK [2][-]{subsection.3.3}{Waiting\040till\040Completion}{section.3}% 6
\BOOKMARK [2][-]{subsection.3.4}{Calculating\040the\040Running\040Time}{section.3}% 7
\BOOKMARK [2][-]{subsection.3.5}{Multi-thread\040for\040Windows}{section.3}% 8
\BOOKMARK [1][-]{section.4}{Project\040Result}{}% 9
\BOOKMARK [2][-]{subsection.4.1}{Linux}{section.4}% 10
\BOOKMARK [3][-]{subsubsection.4.1.1}{Result}{subsection.4.1}% 11
\BOOKMARK [3][-]{subsubsection.4.1.2}{Acceleration\040of\040different\040core}{subsection.4.1}% 12
\BOOKMARK [2][-]{subsection.4.2}{Windows}{section.4}% 13
\BOOKMARK [3][-]{subsubsection.4.2.1}{Result}{subsection.4.2}% 14
\BOOKMARK [3][-]{subsubsection.4.2.2}{Acceleration\040of\040different\040threads}{subsection.4.2}% 15
\BOOKMARK [1][-]{section.5}{Project\040Analysis}{}% 16
\BOOKMARK [2][-]{subsection.5.1}{Thread\040Mountain}{section.5}% 17
\BOOKMARK [2][-]{subsection.5.2}{Analysis\040of\040Thread\040Mountain}{section.5}% 18
\BOOKMARK [3][-]{subsubsection.5.2.1}{At\040the\040Foot\040of\040Thread\040Mountain}{subsection.5.2}% 19
\BOOKMARK [3][-]{subsubsection.5.2.2}{Sharp\040Dips\040of\040the\040Throughput:\040Difference\040in\040Threads}{subsection.5.2}% 20
\BOOKMARK [3][-]{subsubsection.5.2.3}{Ridge\040Line}{subsection.5.2}% 21
\BOOKMARK [2][-]{subsection.5.3}{n\040n\040\040Threads\040Performance}{section.5}% 22
\BOOKMARK [1][-]{section.6}{Problems\040Conquered}{}% 23
\BOOKMARK [2][-]{subsection.6.1}{Pid\040is\040the\040Same}{section.6}% 24
\BOOKMARK [2][-]{subsection.6.2}{CPU\040Dumped\040Encountered\040with\040too\040Much\040Threads}{section.6}% 25
\BOOKMARK [2][-]{subsection.6.3}{Running\040with\040Multi-Core}{section.6}% 26
\BOOKMARK [1][-]{section.7}{Harvest}{}% 27
\BOOKMARK [1][-]{section.8}{Further\040Work}{}% 28
